[ 2018-11-13T21:45:01+08:00 ] ::1 /think3.2/__CONTROLLEER__/read
INFO: [ app_init ] --START--
INFO: Run Behavior\BuildLiteBehavior [ RunTime:0.000017s ]
INFO: [ app_init ] --END-- [ RunTime:0.000157s ]
ERR: 无法加载模块:__CONTROLLEER__

[ 2018-11-13T21:45:03+08:00 ] ::1 /think3.2/__CONTROLLEER__/read
INFO: [ app_init ] --START--
INFO: Run Behavior\BuildLiteBehavior [ RunTime:0.000017s ]
INFO: [ app_init ] --END-- [ RunTime:0.000097s ]
ERR: 无法加载模块:__CONTROLLEER__

[ 2018-11-13T21:47:53+08:00 ] ::1 /think3.2/__CONTROLLEER__/read
INFO: [ app_init ] --START--
INFO: Run Behavior\BuildLiteBehavior [ RunTime:0.000018s ]
INFO: [ app_init ] --END-- [ RunTime:0.000154s ]
ERR: 无法加载模块:__CONTROLLEER__

[ 2018-11-13T21:47:54+08:00 ] ::1 /think3.2/__CONTROLLEER__/read
INFO: [ app_init ] --START--
INFO: Run Behavior\BuildLiteBehavior [ RunTime:0.000018s ]
INFO: [ app_init ] --END-- [ RunTime:0.000144s ]
ERR: 无法加载模块:__CONTROLLEER__

[ 2018-11-13T21:50:15+08:00 ] ::1 /think3.2/__CONTROLLEER__/read
INFO: [ app_init ] --START--
INFO: Run Behavior\BuildLiteBehavior [ RunTime:0.000019s ]
INFO: [ app_init ] --END-- [ RunTime:0.000213s ]
ERR: 无法加载模块:__CONTROLLEER__

[ 2018-11-13T21:50:19+08:00 ] ::1 /think3.2/__CONTROLLEER__/read
INFO: [ app_init ] --START--
INFO: Run Behavior\BuildLiteBehavior [ RunTime:0.000018s ]
INFO: [ app_init ] --END-- [ RunTime:0.000103s ]
ERR: 无法加载模块:__CONTROLLEER__

[ 2018-11-13T21:50:19+08:00 ] ::1 /think3.2/__CONTROLLEER__/read
INFO: [ app_init ] --START--
INFO: Run Behavior\BuildLiteBehavior [ RunTime:0.000017s ]
INFO: [ app_init ] --END-- [ RunTime:0.000114s ]
ERR: 无法加载模块:__CONTROLLEER__

[ 2018-11-13T21:50:20+08:00 ] ::1 /think3.2/__CONTROLLEER__/read
INFO: [ app_init ] --START--
INFO: Run Behavior\BuildLiteBehavior [ RunTime:0.000047s ]
INFO: [ app_init ] --END-- [ RunTime:0.000143s ]
ERR: 无法加载模块:__CONTROLLEER__

[ 2018-11-13T21:50:40+08:00 ] ::1 /think3.2/__CONTROLLEER__/read
INFO: [ app_init ] --START--
INFO: Run Behavior\BuildLiteBehavior [ RunTime:0.000017s ]
INFO: [ app_init ] --END-- [ RunTime:0.000188s ]
ERR: 无法加载模块:__CONTROLLEER__

[ 2018-11-13T21:50:42+08:00 ] ::1 /think3.2/__CONTROLLEER__/read
INFO: [ app_init ] --START--
INFO: Run Behavior\BuildLiteBehavior [ RunTime:0.000017s ]
INFO: [ app_init ] --END-- [ RunTime:0.000109s ]
ERR: 无法加载模块:__CONTROLLEER__

[ 2018-11-13T22:27:25+08:00 ] ::1 /think3.2/__CONTROLLER/insert
INFO: [ app_init ] --START--
INFO: Run Behavior\BuildLiteBehavior [ RunTime:0.000018s ]
INFO: [ app_init ] --END-- [ RunTime:0.000151s ]
ERR: 无法加载模块:__CONTROLLER

[ 2018-11-13T22:27:30+08:00 ] ::1 /think3.2/__CONTROLLER/insert
INFO: [ app_init ] --START--
INFO: Run Behavior\BuildLiteBehavior [ RunTime:0.000019s ]
INFO: [ app_init ] --END-- [ RunTime:0.000179s ]
ERR: 无法加载模块:__CONTROLLER

[ 2018-11-13T22:28:23+08:00 ] ::1 /think3.2/__CONTROLLER/insert
INFO: [ app_init ] --START--
INFO: Run Behavior\BuildLiteBehavior [ RunTime:0.000019s ]
INFO: [ app_init ] --END-- [ RunTime:0.000153s ]
ERR: 无法加载模块:__CONTROLLER

[ 2018-11-13T22:28:24+08:00 ] ::1 /think3.2/__CONTROLLER/insert
INFO: [ app_init ] --START--
INFO: Run Behavior\BuildLiteBehavior [ RunTime:0.000017s ]
INFO: [ app_init ] --END-- [ RunTime:0.000098s ]
ERR: 无法加载模块:__CONTROLLER

[ 2018-11-13T22:29:19+08:00 ] ::1 /think3.2/__CONTROLLER/insert
INFO: [ app_init ] --START--
INFO: Run Behavior\BuildLiteBehavior [ RunTime:0.000019s ]
INFO: [ app_init ] --END-- [ RunTime:0.000241s ]
ERR: 无法加载模块:__CONTROLLER

