[ 2018-11-17T09:02:40+08:00 ] ::1 /think3.2/index.php
INFO: [ app_init ] --START--
INFO: Run Behavior\BuildLiteBehavior [ RunTime:0.000114s ]
INFO: [ app_init ] --END-- [ RunTime:0.000726s ]
INFO: [ app_begin ] --START--
INFO: Run Behavior\ReadHtmlCacheBehavior [ RunTime:0.000790s ]
INFO: [ app_begin ] --END-- [ RunTime:0.001008s ]
INFO: [ view_parse ] --START--
INFO: [ template_filter ] --START--
INFO: Run Behavior\ContentReplaceBehavior [ RunTime:0.000124s ]
INFO: [ template_filter ] --END-- [ RunTime:0.000266s ]
INFO: Run Behavior\ParseTemplateBehavior [ RunTime:0.011286s ]
INFO: [ view_parse ] --END-- [ RunTime:0.011504s ]
INFO: [ view_filter ] --START--
INFO: Run Behavior\WriteHtmlCacheBehavior [ RunTime:0.000560s ]
INFO: [ view_filter ] --END-- [ RunTime:0.000705s ]
INFO: [ app_end ] --START--
INFO: Run Behavior\ShowPageTraceBehavior [ RunTime:0.000540s ]
INFO: [ app_end ] --END-- [ RunTime:0.000715s ]

[ 2018-11-17T09:03:52+08:00 ] ::1 /think3.2/index.php
INFO: [ app_init ] --START--
INFO: Run Behavior\BuildLiteBehavior [ RunTime:0.000015s ]
INFO: [ app_init ] --END-- [ RunTime:0.000168s ]
INFO: [ app_begin ] --START--
INFO: Run Behavior\ReadHtmlCacheBehavior [ RunTime:0.000313s ]
INFO: [ app_begin ] --END-- [ RunTime:0.000365s ]
INFO: [ view_parse ] --START--
INFO: [ template_filter ] --START--
INFO: Run Behavior\ContentReplaceBehavior [ RunTime:0.000044s ]
INFO: [ template_filter ] --END-- [ RunTime:0.000103s ]
INFO: Run Behavior\ParseTemplateBehavior [ RunTime:0.004301s ]
INFO: [ view_parse ] --END-- [ RunTime:0.004419s ]
INFO: [ view_filter ] --START--
INFO: Run Behavior\WriteHtmlCacheBehavior [ RunTime:0.000449s ]
INFO: [ view_filter ] --END-- [ RunTime:0.000502s ]
INFO: [ app_end ] --START--
INFO: Run Behavior\ShowPageTraceBehavior [ RunTime:0.000254s ]
INFO: [ app_end ] --END-- [ RunTime:0.000303s ]

[ 2018-11-17T09:07:47+08:00 ] ::1 /think3.2/index.php
INFO: [ app_init ] --START--
INFO: Run Behavior\BuildLiteBehavior [ RunTime:0.000016s ]
INFO: [ app_init ] --END-- [ RunTime:0.000169s ]
INFO: [ app_begin ] --START--
INFO: Run Behavior\ReadHtmlCacheBehavior [ RunTime:0.000296s ]
INFO: [ app_begin ] --END-- [ RunTime:0.000348s ]
INFO: [ view_parse ] --START--
INFO: [ template_filter ] --START--
INFO: Run Behavior\ContentReplaceBehavior [ RunTime:0.000064s ]
INFO: [ template_filter ] --END-- [ RunTime:0.000142s ]
INFO: Run Behavior\ParseTemplateBehavior [ RunTime:0.008047s ]
INFO: [ view_parse ] --END-- [ RunTime:0.008121s ]
INFO: [ view_filter ] --START--
INFO: Run Behavior\WriteHtmlCacheBehavior [ RunTime:0.000291s ]
INFO: [ view_filter ] --END-- [ RunTime:0.000343s ]
INFO: [ app_end ] --START--
INFO: Run Behavior\ShowPageTraceBehavior [ RunTime:0.000297s ]
INFO: [ app_end ] --END-- [ RunTime:0.000349s ]

[ 2018-11-17T09:08:11+08:00 ] ::1 /think3.2/index.php
INFO: [ app_init ] --START--
INFO: Run Behavior\BuildLiteBehavior [ RunTime:0.000029s ]
INFO: [ app_init ] --END-- [ RunTime:0.000334s ]
INFO: [ app_begin ] --START--
INFO: Run Behavior\ReadHtmlCacheBehavior [ RunTime:0.000323s ]
INFO: [ app_begin ] --END-- [ RunTime:0.000376s ]
INFO: [ view_parse ] --START--
INFO: [ template_filter ] --START--
INFO: Run Behavior\ContentReplaceBehavior [ RunTime:0.000040s ]
INFO: [ template_filter ] --END-- [ RunTime:0.000092s ]
INFO: Run Behavior\ParseTemplateBehavior [ RunTime:0.003521s ]
INFO: [ view_parse ] --END-- [ RunTime:0.003584s ]
INFO: [ view_filter ] --START--
INFO: Run Behavior\WriteHtmlCacheBehavior [ RunTime:0.000254s ]
INFO: [ view_filter ] --END-- [ RunTime:0.000323s ]
INFO: [ app_end ] --START--
INFO: Run Behavior\ShowPageTraceBehavior [ RunTime:0.000271s ]
INFO: [ app_end ] --END-- [ RunTime:0.000317s ]

[ 2018-11-17T09:22:37+08:00 ] ::1 /think3.2/index.php
INFO: [ app_init ] --START--
INFO: Run Behavior\BuildLiteBehavior [ RunTime:0.000014s ]
INFO: [ app_init ] --END-- [ RunTime:0.000181s ]
INFO: [ app_begin ] --START--
INFO: Run Behavior\ReadHtmlCacheBehavior [ RunTime:0.000323s ]
INFO: [ app_begin ] --END-- [ RunTime:0.000387s ]
SQL: SHOW COLUMNS FROM `room_state` [ RunTime:0.0093s ]
SQL: SELECT * FROM `room_state` WHERE `empty` = 1  [ RunTime:0.0003s ]
INFO: [ view_parse ] --START--
INFO: [ template_filter ] --START--
INFO: Run Behavior\ContentReplaceBehavior [ RunTime:0.000069s ]
INFO: [ template_filter ] --END-- [ RunTime:0.000139s ]
NOTIC: [8] Undefined variable: data C:\wamp64\www\think3.2\Home\Runtime\Cache\Home\37a5826344e2c1ff39d5f2e7a6bc3957.php 第 53 行.
INFO: Run Behavior\ParseTemplateBehavior [ RunTime:0.007392s ]
INFO: [ view_parse ] --END-- [ RunTime:0.007498s ]
INFO: [ view_filter ] --START--
INFO: Run Behavior\WriteHtmlCacheBehavior [ RunTime:0.000661s ]
INFO: [ view_filter ] --END-- [ RunTime:0.000767s ]
INFO: [ app_end ] --START--
INFO: Run Behavior\ShowPageTraceBehavior [ RunTime:0.000385s ]
INFO: [ app_end ] --END-- [ RunTime:0.000440s ]

[ 2018-11-17T09:23:22+08:00 ] ::1 /think3.2/index.php
INFO: [ app_init ] --START--
INFO: Run Behavior\BuildLiteBehavior [ RunTime:0.000017s ]
INFO: [ app_init ] --END-- [ RunTime:0.000308s ]
INFO: [ app_begin ] --START--
INFO: Run Behavior\ReadHtmlCacheBehavior [ RunTime:0.000279s ]
INFO: [ app_begin ] --END-- [ RunTime:0.000332s ]
SQL: SHOW COLUMNS FROM `room_state` [ RunTime:0.0097s ]
SQL: SELECT * FROM `room_state` WHERE `empty` = 1  [ RunTime:0.0006s ]
INFO: [ view_parse ] --START--
INFO: [ template_filter ] --START--
INFO: Run Behavior\ContentReplaceBehavior [ RunTime:0.000046s ]
INFO: [ template_filter ] --END-- [ RunTime:0.000105s ]
NOTIC: [8] Undefined variable: data C:\wamp64\www\think3.2\Home\Runtime\Cache\Home\37a5826344e2c1ff39d5f2e7a6bc3957.php 第 53 行.
INFO: Run Behavior\ParseTemplateBehavior [ RunTime:0.006352s ]
INFO: [ view_parse ] --END-- [ RunTime:0.006410s ]
INFO: [ view_filter ] --START--
INFO: Run Behavior\WriteHtmlCacheBehavior [ RunTime:0.000349s ]
INFO: [ view_filter ] --END-- [ RunTime:0.000421s ]
INFO: [ app_end ] --START--
INFO: Run Behavior\ShowPageTraceBehavior [ RunTime:0.000266s ]
INFO: [ app_end ] --END-- [ RunTime:0.000315s ]

[ 2018-11-17T09:23:47+08:00 ] ::1 /think3.2/index.php
INFO: [ app_init ] --START--
INFO: Run Behavior\BuildLiteBehavior [ RunTime:0.000023s ]
INFO: [ app_init ] --END-- [ RunTime:0.000177s ]
INFO: [ app_begin ] --START--
INFO: Run Behavior\ReadHtmlCacheBehavior [ RunTime:0.000215s ]
INFO: [ app_begin ] --END-- [ RunTime:0.000298s ]
SQL: SHOW COLUMNS FROM `room_state` [ RunTime:0.0220s ]
SQL: SELECT * FROM `room_state` WHERE `empty` = 1  [ RunTime:0.0003s ]
INFO: [ view_parse ] --START--
INFO: [ template_filter ] --START--
INFO: Run Behavior\ContentReplaceBehavior [ RunTime:0.000073s ]
INFO: [ template_filter ] --END-- [ RunTime:0.000181s ]
NOTIC: [8] Undefined variable: data C:\wamp64\www\think3.2\Home\Runtime\Cache\Home\37a5826344e2c1ff39d5f2e7a6bc3957.php 第 53 行.
INFO: Run Behavior\ParseTemplateBehavior [ RunTime:0.006152s ]
INFO: [ view_parse ] --END-- [ RunTime:0.006275s ]
INFO: [ view_filter ] --START--
INFO: Run Behavior\WriteHtmlCacheBehavior [ RunTime:0.000265s ]
INFO: [ view_filter ] --END-- [ RunTime:0.000355s ]
INFO: [ app_end ] --START--
INFO: Run Behavior\ShowPageTraceBehavior [ RunTime:0.000245s ]
INFO: [ app_end ] --END-- [ RunTime:0.000337s ]

[ 2018-11-17T09:26:09+08:00 ] ::1 /think3.2/index.php
INFO: [ app_init ] --START--
INFO: Run Behavior\BuildLiteBehavior [ RunTime:0.000015s ]
INFO: [ app_init ] --END-- [ RunTime:0.000175s ]
INFO: [ app_begin ] --START--
INFO: Run Behavior\ReadHtmlCacheBehavior [ RunTime:0.000284s ]
INFO: [ app_begin ] --END-- [ RunTime:0.000339s ]
SQL: SHOW COLUMNS FROM `room_state` [ RunTime:0.0251s ]
SQL: SELECT * FROM `room_state` WHERE `empty` = 1  [ RunTime:0.0002s ]
INFO: [ view_parse ] --START--
INFO: [ template_filter ] --START--
INFO: Run Behavior\ContentReplaceBehavior [ RunTime:0.000045s ]
INFO: [ template_filter ] --END-- [ RunTime:0.000099s ]
NOTIC: [8] Undefined variable: data C:\wamp64\www\think3.2\Home\Runtime\Cache\Home\37a5826344e2c1ff39d5f2e7a6bc3957.php 第 53 行.
INFO: Run Behavior\ParseTemplateBehavior [ RunTime:0.005251s ]
INFO: [ view_parse ] --END-- [ RunTime:0.005307s ]
INFO: [ view_filter ] --START--
INFO: Run Behavior\WriteHtmlCacheBehavior [ RunTime:0.000289s ]
INFO: [ view_filter ] --END-- [ RunTime:0.000336s ]
INFO: [ app_end ] --START--
INFO: Run Behavior\ShowPageTraceBehavior [ RunTime:0.000240s ]
INFO: [ app_end ] --END-- [ RunTime:0.000285s ]

[ 2018-11-17T09:26:47+08:00 ] ::1 /think3.2/index.php
INFO: [ app_init ] --START--
INFO: Run Behavior\BuildLiteBehavior [ RunTime:0.000015s ]
INFO: [ app_init ] --END-- [ RunTime:0.000164s ]
INFO: [ app_begin ] --START--
INFO: Run Behavior\ReadHtmlCacheBehavior [ RunTime:0.000434s ]
INFO: [ app_begin ] --END-- [ RunTime:0.000515s ]
SQL: SHOW COLUMNS FROM `room_state` [ RunTime:0.0096s ]
SQL: SELECT * FROM `room_state` WHERE `empty` = 1  [ RunTime:0.0002s ]
INFO: [ view_parse ] --START--
INFO: [ template_filter ] --START--
INFO: Run Behavior\ContentReplaceBehavior [ RunTime:0.000046s ]
INFO: [ template_filter ] --END-- [ RunTime:0.000094s ]
NOTIC: [8] Undefined variable: data C:\wamp64\www\think3.2\Home\Runtime\Cache\Home\37a5826344e2c1ff39d5f2e7a6bc3957.php 第 53 行.
INFO: Run Behavior\ParseTemplateBehavior [ RunTime:0.004778s ]
INFO: [ view_parse ] --END-- [ RunTime:0.004832s ]
INFO: [ view_filter ] --START--
INFO: Run Behavior\WriteHtmlCacheBehavior [ RunTime:0.000281s ]
INFO: [ view_filter ] --END-- [ RunTime:0.000327s ]
INFO: [ app_end ] --START--
INFO: Run Behavior\ShowPageTraceBehavior [ RunTime:0.000238s ]
INFO: [ app_end ] --END-- [ RunTime:0.000286s ]

[ 2018-11-17T09:28:13+08:00 ] ::1 /think3.2/index.php
INFO: [ app_init ] --START--
INFO: Run Behavior\BuildLiteBehavior [ RunTime:0.000015s ]
INFO: [ app_init ] --END-- [ RunTime:0.000169s ]
INFO: [ app_begin ] --START--
INFO: Run Behavior\ReadHtmlCacheBehavior [ RunTime:0.000268s ]
INFO: [ app_begin ] --END-- [ RunTime:0.000319s ]
SQL: SHOW COLUMNS FROM `room_state` [ RunTime:0.0088s ]
SQL: SELECT * FROM `room_state` WHERE `empty` = 1  [ RunTime:0.0002s ]
INFO: [ view_parse ] --START--
INFO: [ template_filter ] --START--
INFO: Run Behavior\ContentReplaceBehavior [ RunTime:0.000042s ]
INFO: [ template_filter ] --END-- [ RunTime:0.000090s ]
NOTIC: [8] Undefined variable: data C:\wamp64\www\think3.2\Home\Runtime\Cache\Home\37a5826344e2c1ff39d5f2e7a6bc3957.php 第 55 行.
INFO: Run Behavior\ParseTemplateBehavior [ RunTime:0.004112s ]
INFO: [ view_parse ] --END-- [ RunTime:0.004165s ]
INFO: [ view_filter ] --START--
INFO: Run Behavior\WriteHtmlCacheBehavior [ RunTime:0.000258s ]
INFO: [ view_filter ] --END-- [ RunTime:0.000304s ]
INFO: [ app_end ] --START--
INFO: Run Behavior\ShowPageTraceBehavior [ RunTime:0.000237s ]
INFO: [ app_end ] --END-- [ RunTime:0.000283s ]

[ 2018-11-17T09:28:15+08:00 ] ::1 /think3.2/index.php
INFO: [ app_init ] --START--
INFO: Run Behavior\BuildLiteBehavior [ RunTime:0.000014s ]
INFO: [ app_init ] --END-- [ RunTime:0.000089s ]
INFO: [ app_begin ] --START--
INFO: Run Behavior\ReadHtmlCacheBehavior [ RunTime:0.000120s ]
INFO: [ app_begin ] --END-- [ RunTime:0.000179s ]
SQL: SHOW COLUMNS FROM `room_state` [ RunTime:0.0102s ]
SQL: SELECT * FROM `room_state` WHERE `empty` = 1  [ RunTime:0.0002s ]
INFO: [ view_parse ] --START--
INFO: [ template_filter ] --START--
INFO: Run Behavior\ContentReplaceBehavior [ RunTime:0.000053s ]
INFO: [ template_filter ] --END-- [ RunTime:0.000105s ]
NOTIC: [8] Undefined variable: data C:\wamp64\www\think3.2\Home\Runtime\Cache\Home\37a5826344e2c1ff39d5f2e7a6bc3957.php 第 55 行.
INFO: Run Behavior\ParseTemplateBehavior [ RunTime:0.003777s ]
INFO: [ view_parse ] --END-- [ RunTime:0.003830s ]
INFO: [ view_filter ] --START--
INFO: Run Behavior\WriteHtmlCacheBehavior [ RunTime:0.000132s ]
INFO: [ view_filter ] --END-- [ RunTime:0.000177s ]
INFO: [ app_end ] --START--
INFO: Run Behavior\ShowPageTraceBehavior [ RunTime:0.000114s ]
INFO: [ app_end ] --END-- [ RunTime:0.000160s ]

[ 2018-11-17T09:32:12+08:00 ] ::1 /think3.2/index.php
INFO: [ app_init ] --START--
INFO: Run Behavior\BuildLiteBehavior [ RunTime:0.000017s ]
INFO: [ app_init ] --END-- [ RunTime:0.000179s ]
INFO: [ app_begin ] --START--
INFO: Run Behavior\ReadHtmlCacheBehavior [ RunTime:0.000510s ]
INFO: [ app_begin ] --END-- [ RunTime:0.000675s ]
NOTIC: [2] Declaration of Home\Controller\IndexController::show() should be compatible with Think\Controller::show($content, $charset = '', $contentType = '', $prefix = '') C:\wamp64\www\think3.2\Home\Home\Controller\IndexController.class.php 第 42 行.
SQL: SHOW COLUMNS FROM `room_state` [ RunTime:0.0132s ]
SQL: SELECT * FROM `room_state` WHERE `empty` = 1  [ RunTime:0.0003s ]
INFO: [ view_parse ] --START--
INFO: [ template_filter ] --START--
INFO: Run Behavior\ContentReplaceBehavior [ RunTime:0.000046s ]
INFO: [ template_filter ] --END-- [ RunTime:0.000096s ]
NOTIC: [8] Undefined variable: data C:\wamp64\www\think3.2\Home\Runtime\Cache\Home\37a5826344e2c1ff39d5f2e7a6bc3957.php 第 53 行.
INFO: Run Behavior\ParseTemplateBehavior [ RunTime:0.004306s ]
INFO: [ view_parse ] --END-- [ RunTime:0.004363s ]
INFO: [ view_filter ] --START--
INFO: Run Behavior\WriteHtmlCacheBehavior [ RunTime:0.000281s ]
INFO: [ view_filter ] --END-- [ RunTime:0.000329s ]
INFO: [ app_end ] --START--
INFO: Run Behavior\ShowPageTraceBehavior [ RunTime:0.000240s ]
INFO: [ app_end ] --END-- [ RunTime:0.000287s ]

[ 2018-11-17T09:35:33+08:00 ] ::1 /think3.2/index.php
INFO: [ app_init ] --START--
INFO: Run Behavior\BuildLiteBehavior [ RunTime:0.000016s ]
INFO: [ app_init ] --END-- [ RunTime:0.000172s ]
INFO: [ app_begin ] --START--
INFO: Run Behavior\ReadHtmlCacheBehavior [ RunTime:0.000314s ]
INFO: [ app_begin ] --END-- [ RunTime:0.000365s ]
NOTIC: [2] Declaration of Home\Controller\IndexController::show() should be compatible with Think\Controller::show($content, $charset = '', $contentType = '', $prefix = '') C:\wamp64\www\think3.2\Home\Home\Controller\IndexController.class.php 第 41 行.
SQL: SHOW COLUMNS FROM `room_state` [ RunTime:0.0099s ]
SQL: SELECT * FROM `room_state` WHERE `empty` = 1  [ RunTime:0.0003s ]
INFO: [ view_parse ] --START--
INFO: [ template_filter ] --START--
INFO: Run Behavior\ContentReplaceBehavior [ RunTime:0.000043s ]
INFO: [ template_filter ] --END-- [ RunTime:0.000093s ]
INFO: Run Behavior\ParseTemplateBehavior [ RunTime:0.005090s ]
INFO: [ view_parse ] --END-- [ RunTime:0.005151s ]
INFO: [ view_filter ] --START--
INFO: Run Behavior\WriteHtmlCacheBehavior [ RunTime:0.000270s ]
INFO: [ view_filter ] --END-- [ RunTime:0.000318s ]
INFO: [ app_end ] --START--
INFO: Run Behavior\ShowPageTraceBehavior [ RunTime:0.000243s ]
INFO: [ app_end ] --END-- [ RunTime:0.000290s ]

[ 2018-11-17T09:35:49+08:00 ] ::1 /think3.2/index.php
INFO: [ app_init ] --START--
INFO: Run Behavior\BuildLiteBehavior [ RunTime:0.000014s ]
INFO: [ app_init ] --END-- [ RunTime:0.000160s ]
INFO: [ app_begin ] --START--
INFO: Run Behavior\ReadHtmlCacheBehavior [ RunTime:0.000360s ]
INFO: [ app_begin ] --END-- [ RunTime:0.000427s ]
NOTIC: [2] Declaration of Home\Controller\IndexController::show() should be compatible with Think\Controller::show($content, $charset = '', $contentType = '', $prefix = '') C:\wamp64\www\think3.2\Home\Home\Controller\IndexController.class.php 第 0 行.
SQL: SHOW COLUMNS FROM `room_state` [ RunTime:0.0105s ]
SQL: SELECT * FROM `room_state` WHERE `empty` = 1  [ RunTime:0.0003s ]
INFO: [ view_parse ] --START--
INFO: [ template_filter ] --START--
INFO: Run Behavior\ContentReplaceBehavior [ RunTime:0.000046s ]
INFO: [ template_filter ] --END-- [ RunTime:0.000111s ]
INFO: Run Behavior\ParseTemplateBehavior [ RunTime:0.004776s ]
INFO: [ view_parse ] --END-- [ RunTime:0.004868s ]
INFO: [ view_filter ] --START--
INFO: Run Behavior\WriteHtmlCacheBehavior [ RunTime:0.000275s ]
INFO: [ view_filter ] --END-- [ RunTime:0.000325s ]
INFO: [ app_end ] --START--
INFO: Run Behavior\ShowPageTraceBehavior [ RunTime:0.000293s ]
INFO: [ app_end ] --END-- [ RunTime:0.000342s ]

[ 2018-11-17T09:40:46+08:00 ] ::1 /think3.2/index.php
INFO: [ app_init ] --START--
INFO: Run Behavior\BuildLiteBehavior [ RunTime:0.000016s ]
INFO: [ app_init ] --END-- [ RunTime:0.000168s ]
INFO: [ app_begin ] --START--
INFO: Run Behavior\ReadHtmlCacheBehavior [ RunTime:0.000278s ]
INFO: [ app_begin ] --END-- [ RunTime:0.000329s ]
NOTIC: [2] Declaration of Home\Controller\IndexController::show() should be compatible with Think\Controller::show($content, $charset = '', $contentType = '', $prefix = '') C:\wamp64\www\think3.2\Home\Home\Controller\IndexController.class.php 第 0 行.
SQL: SHOW COLUMNS FROM `room_state` [ RunTime:0.0104s ]
ERR: 1146:Table 'room_set.price' doesn't exist
 [ SQL语句 ] : SELECT * FROM `room_state` INNER JOIN room_set.price on room_set.number = room_state.room  WHERE `empty` = 1 
ERR: 1146:Table 'room_set.price' doesn't exist
 [ SQL语句 ] : SELECT * FROM `room_state` INNER JOIN room_set.price on room_set.number = room_state.room  WHERE `empty` = 1 

[ 2018-11-17T09:41:20+08:00 ] ::1 /think3.2/index.php
INFO: [ app_init ] --START--
INFO: Run Behavior\BuildLiteBehavior [ RunTime:0.000016s ]
INFO: [ app_init ] --END-- [ RunTime:0.000171s ]
INFO: [ app_begin ] --START--
INFO: Run Behavior\ReadHtmlCacheBehavior [ RunTime:0.000294s ]
INFO: [ app_begin ] --END-- [ RunTime:0.000348s ]
NOTIC: [2] Declaration of Home\Controller\IndexController::show() should be compatible with Think\Controller::show($content, $charset = '', $contentType = '', $prefix = '') C:\wamp64\www\think3.2\Home\Home\Controller\IndexController.class.php 第 43 行.
SQL: SHOW COLUMNS FROM `room_state` [ RunTime:0.0166s ]
ERR: 1146:Table 'hotel.price' doesn't exist
 [ SQL语句 ] : SELECT * FROM `room_state` INNER JOIN price on room_set.number = room_state.room  WHERE `empty` = 1 
ERR: 1146:Table 'hotel.price' doesn't exist
 [ SQL语句 ] : SELECT * FROM `room_state` INNER JOIN price on room_set.number = room_state.room  WHERE `empty` = 1 

[ 2018-11-17T09:41:35+08:00 ] ::1 /think3.2/index.php
INFO: [ app_init ] --START--
INFO: Run Behavior\BuildLiteBehavior [ RunTime:0.000014s ]
INFO: [ app_init ] --END-- [ RunTime:0.000119s ]
INFO: [ app_begin ] --START--
INFO: Run Behavior\ReadHtmlCacheBehavior [ RunTime:0.000156s ]
INFO: [ app_begin ] --END-- [ RunTime:0.000206s ]
NOTIC: [2] Declaration of Home\Controller\IndexController::show() should be compatible with Think\Controller::show($content, $charset = '', $contentType = '', $prefix = '') C:\wamp64\www\think3.2\Home\Home\Controller\IndexController.class.php 第 43 行.
SQL: SHOW COLUMNS FROM `room_state` [ RunTime:0.0221s ]
ERR: 1146:Table 'hotel.price' doesn't exist
 [ SQL语句 ] : SELECT * FROM `room_state` INNER JOIN price on room_set.number = room_state.room  
ERR: 1146:Table 'hotel.price' doesn't exist
 [ SQL语句 ] : SELECT * FROM `room_state` INNER JOIN price on room_set.number = room_state.room  

[ 2018-11-17T09:42:40+08:00 ] ::1 /think3.2/index.php
INFO: [ app_init ] --START--
INFO: Run Behavior\BuildLiteBehavior [ RunTime:0.000015s ]
INFO: [ app_init ] --END-- [ RunTime:0.000144s ]
INFO: [ app_begin ] --START--
INFO: Run Behavior\ReadHtmlCacheBehavior [ RunTime:0.000141s ]
INFO: [ app_begin ] --END-- [ RunTime:0.000189s ]
NOTIC: [2] Declaration of Home\Controller\IndexController::show() should be compatible with Think\Controller::show($content, $charset = '', $contentType = '', $prefix = '') C:\wamp64\www\think3.2\Home\Home\Controller\IndexController.class.php 第 43 行.
SQL: SHOW COLUMNS FROM `room_state` [ RunTime:0.0201s ]
ERR: 1146:Table 'room_set.price' doesn't exist
 [ SQL语句 ] : SELECT * FROM `room_state` INNER JOIN room_set.price on room_set.number = room_state.room  
ERR: 1146:Table 'room_set.price' doesn't exist
 [ SQL语句 ] : SELECT * FROM `room_state` INNER JOIN room_set.price on room_set.number = room_state.room  

[ 2018-11-17T09:52:58+08:00 ] ::1 /think3.2/index.php
INFO: [ app_init ] --START--
INFO: Run Behavior\BuildLiteBehavior [ RunTime:0.000014s ]
INFO: [ app_init ] --END-- [ RunTime:0.000166s ]
INFO: [ app_begin ] --START--
INFO: Run Behavior\ReadHtmlCacheBehavior [ RunTime:0.000297s ]
INFO: [ app_begin ] --END-- [ RunTime:0.000360s ]
NOTIC: [2] Declaration of Home\Controller\IndexController::show() should be compatible with Think\Controller::show($content, $charset = '', $contentType = '', $prefix = '') C:\wamp64\www\think3.2\Home\Home\Controller\IndexController.class.php 第 0 行.
NOTIC: [8] Undefined variable: Model C:\wamp64\www\think3.2\Home\Home\Controller\IndexController.class.php 第 6 行.
ERR: Call to a member function field() on null

[ 2018-11-17T09:54:31+08:00 ] ::1 /think3.2/index.php
INFO: [ app_init ] --START--
INFO: Run Behavior\BuildLiteBehavior [ RunTime:0.000016s ]
INFO: [ app_init ] --END-- [ RunTime:0.000169s ]
INFO: [ app_begin ] --START--
INFO: Run Behavior\ReadHtmlCacheBehavior [ RunTime:0.000264s ]
INFO: [ app_begin ] --END-- [ RunTime:0.000312s ]
NOTIC: [2] Declaration of Home\Controller\IndexController::show() should be compatible with Think\Controller::show($content, $charset = '', $contentType = '', $prefix = '') C:\wamp64\www\think3.2\Home\Home\Controller\IndexController.class.php 第 42 行.
NOTIC: [8] Undefined variable: Model C:\wamp64\www\think3.2\Home\Home\Controller\IndexController.class.php 第 7 行.
ERR: Call to a member function field() on null

[ 2018-11-17T09:54:32+08:00 ] ::1 /think3.2/index.php
INFO: [ app_init ] --START--
INFO: Run Behavior\BuildLiteBehavior [ RunTime:0.000014s ]
INFO: [ app_init ] --END-- [ RunTime:0.000086s ]
INFO: [ app_begin ] --START--
INFO: Run Behavior\ReadHtmlCacheBehavior [ RunTime:0.000165s ]
INFO: [ app_begin ] --END-- [ RunTime:0.000216s ]
NOTIC: [2] Declaration of Home\Controller\IndexController::show() should be compatible with Think\Controller::show($content, $charset = '', $contentType = '', $prefix = '') C:\wamp64\www\think3.2\Home\Home\Controller\IndexController.class.php 第 0 行.
NOTIC: [8] Undefined variable: Model C:\wamp64\www\think3.2\Home\Home\Controller\IndexController.class.php 第 7 行.
ERR: Call to a member function field() on null

[ 2018-11-17T09:55:40+08:00 ] ::1 /think3.2/index.php
INFO: [ app_init ] --START--
INFO: Run Behavior\BuildLiteBehavior [ RunTime:0.000014s ]
INFO: [ app_init ] --END-- [ RunTime:0.000160s ]
INFO: [ app_begin ] --START--
INFO: Run Behavior\ReadHtmlCacheBehavior [ RunTime:0.000270s ]
INFO: [ app_begin ] --END-- [ RunTime:0.000319s ]
NOTIC: [2] Declaration of Home\Controller\IndexController::show() should be compatible with Think\Controller::show($content, $charset = '', $contentType = '', $prefix = '') C:\wamp64\www\think3.2\Home\Home\Controller\IndexController.class.php 第 42 行.
NOTIC: [8] Undefined variable: Model C:\wamp64\www\think3.2\Home\Home\Controller\IndexController.class.php 第 7 行.
ERR: Call to a member function field() on null

[ 2018-11-17T09:55:41+08:00 ] ::1 /think3.2/index.php
INFO: [ app_init ] --START--
INFO: Run Behavior\BuildLiteBehavior [ RunTime:0.000014s ]
INFO: [ app_init ] --END-- [ RunTime:0.000108s ]
INFO: [ app_begin ] --START--
INFO: Run Behavior\ReadHtmlCacheBehavior [ RunTime:0.000110s ]
INFO: [ app_begin ] --END-- [ RunTime:0.000157s ]
NOTIC: [2] Declaration of Home\Controller\IndexController::show() should be compatible with Think\Controller::show($content, $charset = '', $contentType = '', $prefix = '') C:\wamp64\www\think3.2\Home\Home\Controller\IndexController.class.php 第 0 行.
NOTIC: [8] Undefined variable: Model C:\wamp64\www\think3.2\Home\Home\Controller\IndexController.class.php 第 7 行.
ERR: Call to a member function field() on null

[ 2018-11-17T09:57:20+08:00 ] ::1 /think3.2/index.php
INFO: [ app_init ] --START--
INFO: Run Behavior\BuildLiteBehavior [ RunTime:0.000015s ]
INFO: [ app_init ] --END-- [ RunTime:0.000164s ]
INFO: [ app_begin ] --START--
INFO: Run Behavior\ReadHtmlCacheBehavior [ RunTime:0.000265s ]
INFO: [ app_begin ] --END-- [ RunTime:0.000315s ]
NOTIC: [2] Declaration of Home\Controller\IndexController::show() should be compatible with Think\Controller::show($content, $charset = '', $contentType = '', $prefix = '') C:\wamp64\www\think3.2\Home\Home\Controller\IndexController.class.php 第 42 行.
NOTIC: [8] Undefined variable: Model C:\wamp64\www\think3.2\Home\Home\Controller\IndexController.class.php 第 7 行.
ERR: Call to a member function field() on null

[ 2018-11-17T09:57:23+08:00 ] ::1 /think3.2/index.php
INFO: [ app_init ] --START--
INFO: Run Behavior\BuildLiteBehavior [ RunTime:0.000013s ]
INFO: [ app_init ] --END-- [ RunTime:0.000113s ]
INFO: [ app_begin ] --START--
INFO: Run Behavior\ReadHtmlCacheBehavior [ RunTime:0.000139s ]
INFO: [ app_begin ] --END-- [ RunTime:0.000214s ]
NOTIC: [2] Declaration of Home\Controller\IndexController::show() should be compatible with Think\Controller::show($content, $charset = '', $contentType = '', $prefix = '') C:\wamp64\www\think3.2\Home\Home\Controller\IndexController.class.php 第 0 行.
NOTIC: [8] Undefined variable: Model C:\wamp64\www\think3.2\Home\Home\Controller\IndexController.class.php 第 7 行.
ERR: Call to a member function field() on null

[ 2018-11-17T09:57:39+08:00 ] ::1 /think3.2/index.php
INFO: [ app_init ] --START--
INFO: Run Behavior\BuildLiteBehavior [ RunTime:0.000020s ]
INFO: [ app_init ] --END-- [ RunTime:0.000161s ]
INFO: [ app_begin ] --START--
INFO: Run Behavior\ReadHtmlCacheBehavior [ RunTime:0.000176s ]
INFO: [ app_begin ] --END-- [ RunTime:0.000225s ]
NOTIC: [2] Declaration of Home\Controller\IndexController::show() should be compatible with Think\Controller::show($content, $charset = '', $contentType = '', $prefix = '') C:\wamp64\www\think3.2\Home\Home\Controller\IndexController.class.php 第 0 行.
NOTIC: [8] Undefined variable: Model C:\wamp64\www\think3.2\Home\Home\Controller\IndexController.class.php 第 7 行.
ERR: Call to a member function field() on null

[ 2018-11-17T09:57:39+08:00 ] ::1 /think3.2/index.php
INFO: [ app_init ] --START--
INFO: Run Behavior\BuildLiteBehavior [ RunTime:0.000015s ]
INFO: [ app_init ] --END-- [ RunTime:0.000079s ]
INFO: [ app_begin ] --START--
INFO: Run Behavior\ReadHtmlCacheBehavior [ RunTime:0.000111s ]
INFO: [ app_begin ] --END-- [ RunTime:0.000158s ]
NOTIC: [2] Declaration of Home\Controller\IndexController::show() should be compatible with Think\Controller::show($content, $charset = '', $contentType = '', $prefix = '') C:\wamp64\www\think3.2\Home\Home\Controller\IndexController.class.php 第 0 行.
NOTIC: [8] Undefined variable: Model C:\wamp64\www\think3.2\Home\Home\Controller\IndexController.class.php 第 7 行.
ERR: Call to a member function field() on null

[ 2018-11-17T09:58:32+08:00 ] ::1 /think3.2/index.php
INFO: [ app_init ] --START--
INFO: Run Behavior\BuildLiteBehavior [ RunTime:0.000014s ]
INFO: [ app_init ] --END-- [ RunTime:0.000119s ]
INFO: [ app_begin ] --START--
INFO: Run Behavior\ReadHtmlCacheBehavior [ RunTime:0.000144s ]
INFO: [ app_begin ] --END-- [ RunTime:0.000193s ]
NOTIC: [2] Declaration of Home\Controller\IndexController::show() should be compatible with Think\Controller::show($content, $charset = '', $contentType = '', $prefix = '') C:\wamp64\www\think3.2\Home\Home\Controller\IndexController.class.php 第 0 行.
NOTIC: [8] Undefined variable: Model C:\wamp64\www\think3.2\Home\Home\Controller\IndexController.class.php 第 7 行.
ERR: Call to a member function field() on null

[ 2018-11-17T09:58:33+08:00 ] ::1 /think3.2/index.php
INFO: [ app_init ] --START--
INFO: Run Behavior\BuildLiteBehavior [ RunTime:0.000025s ]
INFO: [ app_init ] --END-- [ RunTime:0.000130s ]
INFO: [ app_begin ] --START--
INFO: Run Behavior\ReadHtmlCacheBehavior [ RunTime:0.000111s ]
INFO: [ app_begin ] --END-- [ RunTime:0.000160s ]
NOTIC: [2] Declaration of Home\Controller\IndexController::show() should be compatible with Think\Controller::show($content, $charset = '', $contentType = '', $prefix = '') C:\wamp64\www\think3.2\Home\Home\Controller\IndexController.class.php 第 0 行.
NOTIC: [8] Undefined variable: Model C:\wamp64\www\think3.2\Home\Home\Controller\IndexController.class.php 第 7 行.
ERR: Call to a member function field() on null

[ 2018-11-17T10:06:30+08:00 ] ::1 /think3.2/index.php
INFO: [ app_init ] --START--
INFO: Run Behavior\BuildLiteBehavior [ RunTime:0.000015s ]
INFO: [ app_init ] --END-- [ RunTime:0.000170s ]
INFO: [ app_begin ] --START--
INFO: Run Behavior\ReadHtmlCacheBehavior [ RunTime:0.000288s ]
INFO: [ app_begin ] --END-- [ RunTime:0.000337s ]
NOTIC: [2] Declaration of Home\Controller\IndexController::show() should be compatible with Think\Controller::show($content, $charset = '', $contentType = '', $prefix = '') C:\wamp64\www\think3.2\Home\Home\Controller\IndexController.class.php 第 42 行.
SQL: SHOW COLUMNS FROM `room_set` [ RunTime:0.0206s ]
SQL: SELECT * FROM `room_set` WHERE ( state=1 )  [ RunTime:0.0003s ]
INFO: [ view_parse ] --START--
INFO: [ template_filter ] --START--
INFO: Run Behavior\ContentReplaceBehavior [ RunTime:0.000045s ]
INFO: [ template_filter ] --END-- [ RunTime:0.000097s ]
NOTIC: [8] Undefined index: room C:\wamp64\www\think3.2\Home\Runtime\Cache\Home\37a5826344e2c1ff39d5f2e7a6bc3957.php 第 58 行.
NOTIC: [8] Undefined index: room C:\wamp64\www\think3.2\Home\Runtime\Cache\Home\37a5826344e2c1ff39d5f2e7a6bc3957.php 第 58 行.
NOTIC: [8] Undefined index: room C:\wamp64\www\think3.2\Home\Runtime\Cache\Home\37a5826344e2c1ff39d5f2e7a6bc3957.php 第 58 行.
NOTIC: [8] Undefined index: room C:\wamp64\www\think3.2\Home\Runtime\Cache\Home\37a5826344e2c1ff39d5f2e7a6bc3957.php 第 58 行.
NOTIC: [8] Undefined index: room C:\wamp64\www\think3.2\Home\Runtime\Cache\Home\37a5826344e2c1ff39d5f2e7a6bc3957.php 第 58 行.
NOTIC: [8] Undefined index: room C:\wamp64\www\think3.2\Home\Runtime\Cache\Home\37a5826344e2c1ff39d5f2e7a6bc3957.php 第 58 行.
NOTIC: [8] Undefined index: room C:\wamp64\www\think3.2\Home\Runtime\Cache\Home\37a5826344e2c1ff39d5f2e7a6bc3957.php 第 58 行.
INFO: Run Behavior\ParseTemplateBehavior [ RunTime:0.004622s ]
INFO: [ view_parse ] --END-- [ RunTime:0.004676s ]
INFO: [ view_filter ] --START--
INFO: Run Behavior\WriteHtmlCacheBehavior [ RunTime:0.000269s ]
INFO: [ view_filter ] --END-- [ RunTime:0.000315s ]
INFO: [ app_end ] --START--
INFO: Run Behavior\ShowPageTraceBehavior [ RunTime:0.000239s ]
INFO: [ app_end ] --END-- [ RunTime:0.000285s ]

[ 2018-11-17T10:06:57+08:00 ] ::1 /think3.2/index.php
INFO: [ app_init ] --START--
INFO: Run Behavior\BuildLiteBehavior [ RunTime:0.000014s ]
INFO: [ app_init ] --END-- [ RunTime:0.000159s ]
INFO: [ app_begin ] --START--
INFO: Run Behavior\ReadHtmlCacheBehavior [ RunTime:0.000284s ]
INFO: [ app_begin ] --END-- [ RunTime:0.000345s ]
NOTIC: [2] Declaration of Home\Controller\IndexController::show() should be compatible with Think\Controller::show($content, $charset = '', $contentType = '', $prefix = '') C:\wamp64\www\think3.2\Home\Home\Controller\IndexController.class.php 第 0 行.
SQL: SHOW COLUMNS FROM `room_set` [ RunTime:0.0195s ]
SQL: SELECT * FROM `room_set` WHERE ( state=1 )  [ RunTime:0.0003s ]
INFO: [ view_parse ] --START--
INFO: [ template_filter ] --START--
INFO: Run Behavior\ContentReplaceBehavior [ RunTime:0.000045s ]
INFO: [ template_filter ] --END-- [ RunTime:0.000099s ]
INFO: Run Behavior\ParseTemplateBehavior [ RunTime:0.006920s ]
INFO: [ view_parse ] --END-- [ RunTime:0.006987s ]
INFO: [ view_filter ] --START--
INFO: Run Behavior\WriteHtmlCacheBehavior [ RunTime:0.000278s ]
INFO: [ view_filter ] --END-- [ RunTime:0.000326s ]
INFO: [ app_end ] --START--
INFO: Run Behavior\ShowPageTraceBehavior [ RunTime:0.000242s ]
INFO: [ app_end ] --END-- [ RunTime:0.000290s ]

[ 2018-11-17T10:13:33+08:00 ] ::1 /think3.2/index.php
INFO: [ app_init ] --START--
INFO: Run Behavior\BuildLiteBehavior [ RunTime:0.000016s ]
INFO: [ app_init ] --END-- [ RunTime:0.000172s ]
INFO: [ app_begin ] --START--
INFO: Run Behavior\ReadHtmlCacheBehavior [ RunTime:0.000286s ]
INFO: [ app_begin ] --END-- [ RunTime:0.000334s ]
NOTIC: [2] Declaration of Home\Controller\IndexController::show() should be compatible with Think\Controller::show($content, $charset = '', $contentType = '', $prefix = '') C:\wamp64\www\think3.2\Home\Home\Controller\IndexController.class.php 第 47 行.
SQL: SHOW COLUMNS FROM `room_set` [ RunTime:0.0098s ]
SQL: SELECT * FROM `room_set` WHERE ( state=1 )  [ RunTime:0.0003s ]
INFO: [ view_parse ] --START--
INFO: [ template_filter ] --START--
INFO: Run Behavior\ContentReplaceBehavior [ RunTime:0.000047s ]
INFO: [ template_filter ] --END-- [ RunTime:0.000097s ]
NOTIC: [8] Undefined variable: cost C:\wamp64\www\think3.2\Home\Runtime\Cache\Home\37a5826344e2c1ff39d5f2e7a6bc3957.php 第 94 行.
INFO: Run Behavior\ParseTemplateBehavior [ RunTime:0.014629s ]
INFO: [ view_parse ] --END-- [ RunTime:0.014685s ]
INFO: [ view_filter ] --START--
INFO: Run Behavior\WriteHtmlCacheBehavior [ RunTime:0.000278s ]
INFO: [ view_filter ] --END-- [ RunTime:0.000323s ]
INFO: [ app_end ] --START--
INFO: Run Behavior\ShowPageTraceBehavior [ RunTime:0.000234s ]
INFO: [ app_end ] --END-- [ RunTime:0.000279s ]

[ 2018-11-17T10:13:39+08:00 ] ::1 /think3.2/index.php?s=/Home/Index/insert
INFO: [ app_init ] --START--
INFO: Run Behavior\BuildLiteBehavior [ RunTime:0.000023s ]
INFO: [ app_init ] --END-- [ RunTime:0.000185s ]
INFO: [ app_begin ] --START--
INFO: Run Behavior\ReadHtmlCacheBehavior [ RunTime:0.000261s ]
INFO: [ app_begin ] --END-- [ RunTime:0.000304s ]
NOTIC: [2] Declaration of Home\Controller\IndexController::show() should be compatible with Think\Controller::show($content, $charset = '', $contentType = '', $prefix = '') C:\wamp64\www\think3.2\Home\Home\Controller\IndexController.class.php 第 0 行.
SQL: SHOW COLUMNS FROM `user_info` [ RunTime:0.0083s ]
ERR: 1292:Incorrect date value: '' for column 'in_date' at row 1
 [ SQL语句 ] : INSERT INTO `user_info` (`name`,`phone`,`user_number`,`book_room`,`in_date`,`out_date`) VALUES ('','0','0','21','','')
ERR: 1292:Incorrect date value: '' for column 'in_date' at row 1
 [ SQL语句 ] : INSERT INTO `user_info` (`name`,`phone`,`user_number`,`book_room`,`in_date`,`out_date`) VALUES ('','0','0','21','','')

[ 2018-11-17T10:13:42+08:00 ] ::1 /think3.2/index.php?s=/Home/Index/insert
INFO: [ app_init ] --START--
INFO: Run Behavior\BuildLiteBehavior [ RunTime:0.000014s ]
INFO: [ app_init ] --END-- [ RunTime:0.000125s ]
INFO: [ app_begin ] --START--
INFO: Run Behavior\ReadHtmlCacheBehavior [ RunTime:0.000137s ]
INFO: [ app_begin ] --END-- [ RunTime:0.000180s ]
NOTIC: [2] Declaration of Home\Controller\IndexController::show() should be compatible with Think\Controller::show($content, $charset = '', $contentType = '', $prefix = '') C:\wamp64\www\think3.2\Home\Home\Controller\IndexController.class.php 第 0 行.
SQL: SHOW COLUMNS FROM `user_info` [ RunTime:0.0089s ]
ERR: 1292:Incorrect date value: '' for column 'in_date' at row 1
 [ SQL语句 ] : INSERT INTO `user_info` (`name`,`phone`,`user_number`,`book_room`,`in_date`,`out_date`) VALUES ('','0','0','21','','')
ERR: 1292:Incorrect date value: '' for column 'in_date' at row 1
 [ SQL语句 ] : INSERT INTO `user_info` (`name`,`phone`,`user_number`,`book_room`,`in_date`,`out_date`) VALUES ('','0','0','21','','')

[ 2018-11-17T10:14:42+08:00 ] ::1 /think3.2/index.php?s=/Home/Index/insert
INFO: [ app_init ] --START--
INFO: Run Behavior\BuildLiteBehavior [ RunTime:0.000014s ]
INFO: [ app_init ] --END-- [ RunTime:0.000117s ]
INFO: [ app_begin ] --START--
INFO: Run Behavior\ReadHtmlCacheBehavior [ RunTime:0.000136s ]
INFO: [ app_begin ] --END-- [ RunTime:0.000179s ]
NOTIC: [2] Declaration of Home\Controller\IndexController::show() should be compatible with Think\Controller::show($content, $charset = '', $contentType = '', $prefix = '') C:\wamp64\www\think3.2\Home\Home\Controller\IndexController.class.php 第 0 行.
SQL: SHOW COLUMNS FROM `user_info` [ RunTime:0.0079s ]
ERR: 1292:Incorrect date value: '' for column 'in_date' at row 1
 [ SQL语句 ] : INSERT INTO `user_info` (`name`,`phone`,`user_number`,`book_room`,`in_date`,`out_date`) VALUES ('','0','0','21','','')
ERR: 1292:Incorrect date value: '' for column 'in_date' at row 1
 [ SQL语句 ] : INSERT INTO `user_info` (`name`,`phone`,`user_number`,`book_room`,`in_date`,`out_date`) VALUES ('','0','0','21','','')

[ 2018-11-17T10:14:52+08:00 ] ::1 /think3.2/index.php?s=/Home/Index/insert
INFO: [ app_init ] --START--
INFO: Run Behavior\BuildLiteBehavior [ RunTime:0.000014s ]
INFO: [ app_init ] --END-- [ RunTime:0.000116s ]
INFO: [ app_begin ] --START--
INFO: Run Behavior\ReadHtmlCacheBehavior [ RunTime:0.000136s ]
INFO: [ app_begin ] --END-- [ RunTime:0.000177s ]
NOTIC: [2] Declaration of Home\Controller\IndexController::show() should be compatible with Think\Controller::show($content, $charset = '', $contentType = '', $prefix = '') C:\wamp64\www\think3.2\Home\Home\Controller\IndexController.class.php 第 0 行.
SQL: SHOW COLUMNS FROM `user_info` [ RunTime:0.0085s ]
ERR: 1292:Incorrect date value: '' for column 'in_date' at row 1
 [ SQL语句 ] : INSERT INTO `user_info` (`name`,`phone`,`user_number`,`book_room`,`in_date`,`out_date`) VALUES ('2121','21','21','21','','')
ERR: 1292:Incorrect date value: '' for column 'in_date' at row 1
 [ SQL语句 ] : INSERT INTO `user_info` (`name`,`phone`,`user_number`,`book_room`,`in_date`,`out_date`) VALUES ('2121','21','21','21','','')

[ 2018-11-17T10:14:53+08:00 ] ::1 /think3.2/index.php?s=/Home/Index/insert
INFO: [ app_init ] --START--
INFO: Run Behavior\BuildLiteBehavior [ RunTime:0.000013s ]
INFO: [ app_init ] --END-- [ RunTime:0.000077s ]
INFO: [ app_begin ] --START--
INFO: Run Behavior\ReadHtmlCacheBehavior [ RunTime:0.000109s ]
INFO: [ app_begin ] --END-- [ RunTime:0.000151s ]
NOTIC: [2] Declaration of Home\Controller\IndexController::show() should be compatible with Think\Controller::show($content, $charset = '', $contentType = '', $prefix = '') C:\wamp64\www\think3.2\Home\Home\Controller\IndexController.class.php 第 0 行.
SQL: SHOW COLUMNS FROM `user_info` [ RunTime:0.0089s ]
ERR: 1292:Incorrect date value: '' for column 'in_date' at row 1
 [ SQL语句 ] : INSERT INTO `user_info` (`name`,`phone`,`user_number`,`book_room`,`in_date`,`out_date`) VALUES ('2121','21','21','21','','')
ERR: 1292:Incorrect date value: '' for column 'in_date' at row 1
 [ SQL语句 ] : INSERT INTO `user_info` (`name`,`phone`,`user_number`,`book_room`,`in_date`,`out_date`) VALUES ('2121','21','21','21','','')

[ 2018-11-17T10:14:53+08:00 ] ::1 /think3.2/index.php?s=/Home/Index/insert
INFO: [ app_init ] --START--
INFO: Run Behavior\BuildLiteBehavior [ RunTime:0.000014s ]
INFO: [ app_init ] --END-- [ RunTime:0.000077s ]
INFO: [ app_begin ] --START--
INFO: Run Behavior\ReadHtmlCacheBehavior [ RunTime:0.000106s ]
INFO: [ app_begin ] --END-- [ RunTime:0.000148s ]
NOTIC: [2] Declaration of Home\Controller\IndexController::show() should be compatible with Think\Controller::show($content, $charset = '', $contentType = '', $prefix = '') C:\wamp64\www\think3.2\Home\Home\Controller\IndexController.class.php 第 0 行.
SQL: SHOW COLUMNS FROM `user_info` [ RunTime:0.0093s ]
ERR: 1292:Incorrect date value: '' for column 'in_date' at row 1
 [ SQL语句 ] : INSERT INTO `user_info` (`name`,`phone`,`user_number`,`book_room`,`in_date`,`out_date`) VALUES ('2121','21','21','21','','')
ERR: 1292:Incorrect date value: '' for column 'in_date' at row 1
 [ SQL语句 ] : INSERT INTO `user_info` (`name`,`phone`,`user_number`,`book_room`,`in_date`,`out_date`) VALUES ('2121','21','21','21','','')

[ 2018-11-17T10:15:31+08:00 ] ::1 /think3.2/index.php?s=/Home/Index/insert
INFO: [ app_init ] --START--
INFO: Run Behavior\BuildLiteBehavior [ RunTime:0.000014s ]
INFO: [ app_init ] --END-- [ RunTime:0.000113s ]
INFO: [ app_begin ] --START--
INFO: Run Behavior\ReadHtmlCacheBehavior [ RunTime:0.000135s ]
INFO: [ app_begin ] --END-- [ RunTime:0.000177s ]
NOTIC: [2] Declaration of Home\Controller\IndexController::show() should be compatible with Think\Controller::show($content, $charset = '', $contentType = '', $prefix = '') C:\wamp64\www\think3.2\Home\Home\Controller\IndexController.class.php 第 0 行.
SQL: SHOW COLUMNS FROM `user_info` [ RunTime:0.0085s ]
ERR: 1292:Incorrect date value: '' for column 'in_date' at row 1
 [ SQL语句 ] : INSERT INTO `user_info` (`name`,`phone`,`user_number`,`book_room`,`in_date`,`out_date`) VALUES ('2121','0','21','21','','')
ERR: 1292:Incorrect date value: '' for column 'in_date' at row 1
 [ SQL语句 ] : INSERT INTO `user_info` (`name`,`phone`,`user_number`,`book_room`,`in_date`,`out_date`) VALUES ('2121','0','21','21','','')

[ 2018-11-17T10:15:39+08:00 ] ::1 /think3.2/index.php?s=/Home/Index/insert
INFO: [ app_init ] --START--
INFO: Run Behavior\BuildLiteBehavior [ RunTime:0.000014s ]
INFO: [ app_init ] --END-- [ RunTime:0.000124s ]
INFO: [ app_begin ] --START--
INFO: Run Behavior\ReadHtmlCacheBehavior [ RunTime:0.000160s ]
INFO: [ app_begin ] --END-- [ RunTime:0.000204s ]
NOTIC: [2] Declaration of Home\Controller\IndexController::show() should be compatible with Think\Controller::show($content, $charset = '', $contentType = '', $prefix = '') C:\wamp64\www\think3.2\Home\Home\Controller\IndexController.class.php 第 0 行.
SQL: SHOW COLUMNS FROM `user_info` [ RunTime:0.0084s ]
SQL: INSERT INTO `user_info` (`name`,`phone`,`user_number`,`book_room`,`in_date`,`out_date`) VALUES ('2121','0','21','21','2018-11-10','2018-11-07') [ RunTime:0.3732s ]
SQL: SELECT * FROM `user_info`  [ RunTime:0.0002s ]
SQL: SHOW COLUMNS FROM `room_set` [ RunTime:0.0085s ]
SQL: SELECT * FROM `room_set` WHERE `number` = 21  [ RunTime:0.0002s ]
INFO: [ view_parse ] --START--
INFO: [ template_filter ] --START--
INFO: Run Behavior\ContentReplaceBehavior [ RunTime:0.000038s ]
INFO: [ template_filter ] --END-- [ RunTime:0.000101s ]
INFO: Run Behavior\ParseTemplateBehavior [ RunTime:0.004274s ]
INFO: [ view_parse ] --END-- [ RunTime:0.004332s ]
INFO: [ view_filter ] --START--
INFO: Run Behavior\WriteHtmlCacheBehavior [ RunTime:0.000252s ]
INFO: [ view_filter ] --END-- [ RunTime:0.000291s ]
INFO: [ app_end ] --START--
INFO: Run Behavior\ShowPageTraceBehavior [ RunTime:0.000238s ]
INFO: [ app_end ] --END-- [ RunTime:0.000288s ]

[ 2018-11-17T10:15:40+08:00 ] ::1 /think3.2/index.php?s=/Home/Index/insert
INFO: [ app_init ] --START--
INFO: Run Behavior\BuildLiteBehavior [ RunTime:0.000011s ]
INFO: [ app_init ] --END-- [ RunTime:0.000070s ]
INFO: [ app_begin ] --START--
INFO: Run Behavior\ReadHtmlCacheBehavior [ RunTime:0.000243s ]
INFO: [ app_begin ] --END-- [ RunTime:0.000293s ]
NOTIC: [2] Declaration of Home\Controller\IndexController::show() should be compatible with Think\Controller::show($content, $charset = '', $contentType = '', $prefix = '') C:\wamp64\www\think3.2\Home\Home\Controller\IndexController.class.php 第 0 行.
SQL: SHOW COLUMNS FROM `user_info` [ RunTime:0.0059s ]
SQL: INSERT INTO `user_info` (`name`,`phone`,`user_number`,`book_room`,`in_date`,`out_date`) VALUES ('2121','0','21','21','2018-11-10','2018-11-07') [ RunTime:0.0374s ]
SQL: SELECT * FROM `user_info`  [ RunTime:0.0002s ]
SQL: SHOW COLUMNS FROM `room_set` [ RunTime:0.0085s ]
SQL: SELECT * FROM `room_set` WHERE `number` = 21  [ RunTime:0.0002s ]
INFO: [ view_parse ] --START--
INFO: [ template_filter ] --START--
INFO: Run Behavior\ContentReplaceBehavior [ RunTime:0.000033s ]
INFO: [ template_filter ] --END-- [ RunTime:0.000075s ]
INFO: Run Behavior\ParseTemplateBehavior [ RunTime:0.003624s ]
INFO: [ view_parse ] --END-- [ RunTime:0.003681s ]
INFO: [ view_filter ] --START--
INFO: Run Behavior\WriteHtmlCacheBehavior [ RunTime:0.000220s ]
INFO: [ view_filter ] --END-- [ RunTime:0.000257s ]
INFO: [ app_end ] --START--
INFO: Run Behavior\ShowPageTraceBehavior [ RunTime:0.000197s ]
INFO: [ app_end ] --END-- [ RunTime:0.000236s ]

[ 2018-11-17T10:18:44+08:00 ] ::1 /think3.2/index.php
INFO: [ app_init ] --START--
INFO: Run Behavior\BuildLiteBehavior [ RunTime:0.000015s ]
INFO: [ app_init ] --END-- [ RunTime:0.000176s ]
INFO: [ app_begin ] --START--
INFO: Run Behavior\ReadHtmlCacheBehavior [ RunTime:0.000274s ]
INFO: [ app_begin ] --END-- [ RunTime:0.000323s ]
NOTIC: [2] Declaration of Home\Controller\IndexController::show() should be compatible with Think\Controller::show($content, $charset = '', $contentType = '', $prefix = '') C:\wamp64\www\think3.2\Home\Home\Controller\IndexController.class.php 第 0 行.
SQL: SHOW COLUMNS FROM `room_set` [ RunTime:0.0097s ]
SQL: SELECT * FROM `room_set` WHERE ( state=1 )  [ RunTime:0.0002s ]
INFO: [ view_parse ] --START--
INFO: [ template_filter ] --START--
INFO: Run Behavior\ContentReplaceBehavior [ RunTime:0.000044s ]
INFO: [ template_filter ] --END-- [ RunTime:0.000093s ]
NOTIC: [8] Undefined variable: cost C:\wamp64\www\think3.2\Home\Runtime\Cache\Home\37a5826344e2c1ff39d5f2e7a6bc3957.php 第 94 行.
INFO: Run Behavior\ParseTemplateBehavior [ RunTime:0.004808s ]
INFO: [ view_parse ] --END-- [ RunTime:0.004859s ]
INFO: [ view_filter ] --START--
INFO: Run Behavior\WriteHtmlCacheBehavior [ RunTime:0.000260s ]
INFO: [ view_filter ] --END-- [ RunTime:0.000308s ]
INFO: [ app_end ] --START--
INFO: Run Behavior\ShowPageTraceBehavior [ RunTime:0.000240s ]
INFO: [ app_end ] --END-- [ RunTime:0.000286s ]

[ 2018-11-17T10:19:15+08:00 ] ::1 /think3.2/index.php?s=/Home/Index/insert
INFO: [ app_init ] --START--
INFO: Run Behavior\BuildLiteBehavior [ RunTime:0.000014s ]
INFO: [ app_init ] --END-- [ RunTime:0.000160s ]
INFO: [ app_begin ] --START--
INFO: Run Behavior\ReadHtmlCacheBehavior [ RunTime:0.000294s ]
INFO: [ app_begin ] --END-- [ RunTime:0.000337s ]
NOTIC: [2] Declaration of Home\Controller\IndexController::show() should be compatible with Think\Controller::show($content, $charset = '', $contentType = '', $prefix = '') C:\wamp64\www\think3.2\Home\Home\Controller\IndexController.class.php 第 0 行.
SQL: SHOW COLUMNS FROM `user_info` [ RunTime:0.0089s ]
SQL: INSERT INTO `user_info` (`name`,`phone`,`user_number`,`book_room`,`in_date`,`out_date`) VALUES ('hhj','0','2323','32','2018-11-08','2018-11-15') [ RunTime:0.0756s ]
SQL: SELECT * FROM `user_info`  [ RunTime:0.0003s ]
SQL: SHOW COLUMNS FROM `room_set` [ RunTime:0.0088s ]
SQL: SELECT * FROM `room_set` WHERE `number` = 32  [ RunTime:0.0002s ]
INFO: [ view_parse ] --START--
INFO: [ template_filter ] --START--
INFO: Run Behavior\ContentReplaceBehavior [ RunTime:0.000033s ]
INFO: [ template_filter ] --END-- [ RunTime:0.000075s ]
INFO: Run Behavior\ParseTemplateBehavior [ RunTime:0.003859s ]
INFO: [ view_parse ] --END-- [ RunTime:0.003906s ]
INFO: [ view_filter ] --START--
INFO: Run Behavior\WriteHtmlCacheBehavior [ RunTime:0.000249s ]
INFO: [ view_filter ] --END-- [ RunTime:0.000288s ]
INFO: [ app_end ] --START--
INFO: Run Behavior\ShowPageTraceBehavior [ RunTime:0.000226s ]
INFO: [ app_end ] --END-- [ RunTime:0.000274s ]

[ 2018-11-17T10:22:52+08:00 ] ::1 /think3.2/index.php
INFO: [ app_init ] --START--
INFO: Run Behavior\BuildLiteBehavior [ RunTime:0.000016s ]
INFO: [ app_init ] --END-- [ RunTime:0.000169s ]
INFO: [ app_begin ] --START--
INFO: Run Behavior\ReadHtmlCacheBehavior [ RunTime:0.000262s ]
INFO: [ app_begin ] --END-- [ RunTime:0.000311s ]
NOTIC: [2] Declaration of Home\Controller\IndexController::show() should be compatible with Think\Controller::show($content, $charset = '', $contentType = '', $prefix = '') C:\wamp64\www\think3.2\Home\Home\Controller\IndexController.class.php 第 0 行.
SQL: SHOW COLUMNS FROM `room_set` [ RunTime:0.0104s ]
SQL: SELECT * FROM `room_set` WHERE ( state=1 )  [ RunTime:0.0002s ]
INFO: [ view_parse ] --START--
INFO: [ template_filter ] --START--
INFO: Run Behavior\ContentReplaceBehavior [ RunTime:0.000059s ]
INFO: [ template_filter ] --END-- [ RunTime:0.000122s ]
INFO: Run Behavior\ParseTemplateBehavior [ RunTime:0.004414s ]
INFO: [ view_parse ] --END-- [ RunTime:0.004470s ]
INFO: [ view_filter ] --START--
INFO: Run Behavior\WriteHtmlCacheBehavior [ RunTime:0.000304s ]
INFO: [ view_filter ] --END-- [ RunTime:0.000352s ]
INFO: [ app_end ] --START--
INFO: Run Behavior\ShowPageTraceBehavior [ RunTime:0.000480s ]
INFO: [ app_end ] --END-- [ RunTime:0.000559s ]

[ 2018-11-17T10:23:01+08:00 ] ::1 /think3.2/index.php?s=/Home/Index/insert
INFO: [ app_init ] --START--
INFO: Run Behavior\BuildLiteBehavior [ RunTime:0.000014s ]
INFO: [ app_init ] --END-- [ RunTime:0.000278s ]
INFO: [ app_begin ] --START--
INFO: Run Behavior\ReadHtmlCacheBehavior [ RunTime:0.000258s ]
INFO: [ app_begin ] --END-- [ RunTime:0.000301s ]
NOTIC: [2] Declaration of Home\Controller\IndexController::show() should be compatible with Think\Controller::show($content, $charset = '', $contentType = '', $prefix = '') C:\wamp64\www\think3.2\Home\Home\Controller\IndexController.class.php 第 0 行.
SQL: SHOW COLUMNS FROM `user_info` [ RunTime:0.0085s ]
ERR: 1292:Incorrect date value: '' for column 'in_date' at row 1
 [ SQL语句 ] : INSERT INTO `user_info` (`name`,`phone`,`user_number`,`book_room`,`in_date`,`out_date`) VALUES ('hjhj','0','0','21','','')
ERR: 1292:Incorrect date value: '' for column 'in_date' at row 1
 [ SQL语句 ] : INSERT INTO `user_info` (`name`,`phone`,`user_number`,`book_room`,`in_date`,`out_date`) VALUES ('hjhj','0','0','21','','')

[ 2018-11-17T10:23:02+08:00 ] ::1 /think3.2/index.php?s=/Home/Index/insert
INFO: [ app_init ] --START--
INFO: Run Behavior\BuildLiteBehavior [ RunTime:0.000014s ]
INFO: [ app_init ] --END-- [ RunTime:0.000077s ]
INFO: [ app_begin ] --START--
INFO: Run Behavior\ReadHtmlCacheBehavior [ RunTime:0.000108s ]
INFO: [ app_begin ] --END-- [ RunTime:0.000151s ]
NOTIC: [2] Declaration of Home\Controller\IndexController::show() should be compatible with Think\Controller::show($content, $charset = '', $contentType = '', $prefix = '') C:\wamp64\www\think3.2\Home\Home\Controller\IndexController.class.php 第 0 行.
SQL: SHOW COLUMNS FROM `user_info` [ RunTime:0.0084s ]
ERR: 1292:Incorrect date value: '' for column 'in_date' at row 1
 [ SQL语句 ] : INSERT INTO `user_info` (`name`,`phone`,`user_number`,`book_room`,`in_date`,`out_date`) VALUES ('hjhj','0','0','21','','')
ERR: 1292:Incorrect date value: '' for column 'in_date' at row 1
 [ SQL语句 ] : INSERT INTO `user_info` (`name`,`phone`,`user_number`,`book_room`,`in_date`,`out_date`) VALUES ('hjhj','0','0','21','','')

[ 2018-11-17T10:23:40+08:00 ] ::1 /think3.2/index.php
INFO: [ app_init ] --START--
INFO: Run Behavior\BuildLiteBehavior [ RunTime:0.000016s ]
INFO: [ app_init ] --END-- [ RunTime:0.000125s ]
INFO: [ app_begin ] --START--
INFO: Run Behavior\ReadHtmlCacheBehavior [ RunTime:0.000140s ]
INFO: [ app_begin ] --END-- [ RunTime:0.000189s ]
NOTIC: [2] Declaration of Home\Controller\IndexController::show() should be compatible with Think\Controller::show($content, $charset = '', $contentType = '', $prefix = '') C:\wamp64\www\think3.2\Home\Home\Controller\IndexController.class.php 第 0 行.
SQL: SHOW COLUMNS FROM `room_set` [ RunTime:0.0193s ]
SQL: SELECT * FROM `room_set` WHERE ( state=1 )  [ RunTime:0.0002s ]
INFO: [ view_parse ] --START--
INFO: [ template_filter ] --START--
INFO: Run Behavior\ContentReplaceBehavior [ RunTime:0.000042s ]
INFO: [ template_filter ] --END-- [ RunTime:0.000096s ]
INFO: Run Behavior\ParseTemplateBehavior [ RunTime:0.004517s ]
INFO: [ view_parse ] --END-- [ RunTime:0.004580s ]
INFO: [ view_filter ] --START--
INFO: Run Behavior\WriteHtmlCacheBehavior [ RunTime:0.000259s ]
INFO: [ view_filter ] --END-- [ RunTime:0.000306s ]
INFO: [ app_end ] --START--
INFO: Run Behavior\ShowPageTraceBehavior [ RunTime:0.000237s ]
INFO: [ app_end ] --END-- [ RunTime:0.000283s ]

[ 2018-11-17T10:24:01+08:00 ] ::1 /think3.2/index.php?s=/Home/Index/insert
INFO: [ app_init ] --START--
INFO: Run Behavior\BuildLiteBehavior [ RunTime:0.000014s ]
INFO: [ app_init ] --END-- [ RunTime:0.000117s ]
INFO: [ app_begin ] --START--
INFO: Run Behavior\ReadHtmlCacheBehavior [ RunTime:0.000137s ]
INFO: [ app_begin ] --END-- [ RunTime:0.000179s ]
NOTIC: [2] Declaration of Home\Controller\IndexController::show() should be compatible with Think\Controller::show($content, $charset = '', $contentType = '', $prefix = '') C:\wamp64\www\think3.2\Home\Home\Controller\IndexController.class.php 第 0 行.
SQL: SHOW COLUMNS FROM `user_info` [ RunTime:0.0198s ]
SQL: INSERT INTO `user_info` (`name`,`phone`,`user_number`,`book_room`,`in_date`,`out_date`) VALUES ('323','0','0','32','2018-11-02','2018-11-01') [ RunTime:0.3689s ]
SQL: SELECT * FROM `user_info`  [ RunTime:0.0003s ]
SQL: SHOW COLUMNS FROM `room_set` [ RunTime:0.0088s ]
SQL: SELECT * FROM `room_set` WHERE `number` = 32  [ RunTime:0.0002s ]
INFO: [ view_parse ] --START--
INFO: [ template_filter ] --START--
INFO: Run Behavior\ContentReplaceBehavior [ RunTime:0.000035s ]
INFO: [ template_filter ] --END-- [ RunTime:0.000078s ]
INFO: Run Behavior\ParseTemplateBehavior [ RunTime:0.003369s ]
INFO: [ view_parse ] --END-- [ RunTime:0.003426s ]
INFO: [ view_filter ] --START--
INFO: Run Behavior\WriteHtmlCacheBehavior [ RunTime:0.000152s ]
INFO: [ view_filter ] --END-- [ RunTime:0.000190s ]
INFO: [ app_end ] --START--
INFO: Run Behavior\ShowPageTraceBehavior [ RunTime:0.000137s ]
INFO: [ app_end ] --END-- [ RunTime:0.000174s ]

[ 2018-11-17T10:28:34+08:00 ] ::1 /think3.2/index.php
INFO: [ app_init ] --START--
INFO: Run Behavior\BuildLiteBehavior [ RunTime:0.000015s ]
INFO: [ app_init ] --END-- [ RunTime:0.000165s ]
INFO: [ app_begin ] --START--
INFO: Run Behavior\ReadHtmlCacheBehavior [ RunTime:0.000265s ]
INFO: [ app_begin ] --END-- [ RunTime:0.000313s ]
ERR: syntax error, unexpected '=', expecting ',' or ')'

[ 2018-11-17T10:29:49+08:00 ] ::1 /think3.2/index.php
INFO: [ app_init ] --START--
INFO: Run Behavior\BuildLiteBehavior [ RunTime:0.000015s ]
INFO: [ app_init ] --END-- [ RunTime:0.000169s ]
INFO: [ app_begin ] --START--
INFO: Run Behavior\ReadHtmlCacheBehavior [ RunTime:0.000277s ]
INFO: [ app_begin ] --END-- [ RunTime:0.000328s ]
NOTIC: [2] Declaration of Home\Controller\IndexController::show() should be compatible with Think\Controller::show($content, $charset = '', $contentType = '', $prefix = '') C:\wamp64\www\think3.2\Home\Home\Controller\IndexController.class.php 第 51 行.
SQL: SHOW COLUMNS FROM `room_set` [ RunTime:0.0243s ]
SQL: SELECT * FROM `room_set` WHERE ( state=1 )  [ RunTime:0.0003s ]
INFO: [ view_parse ] --START--
INFO: [ template_filter ] --START--
INFO: Run Behavior\ContentReplaceBehavior [ RunTime:0.000046s ]
INFO: [ template_filter ] --END-- [ RunTime:0.000101s ]
INFO: Run Behavior\ParseTemplateBehavior [ RunTime:0.004291s ]
INFO: [ view_parse ] --END-- [ RunTime:0.004355s ]
INFO: [ view_filter ] --START--
INFO: Run Behavior\WriteHtmlCacheBehavior [ RunTime:0.000274s ]
INFO: [ view_filter ] --END-- [ RunTime:0.000320s ]
INFO: [ app_end ] --START--
INFO: Run Behavior\ShowPageTraceBehavior [ RunTime:0.000246s ]
INFO: [ app_end ] --END-- [ RunTime:0.000293s ]

[ 2018-11-17T10:30:09+08:00 ] ::1 /think3.2/index.php?s=/Home/Index/insert
INFO: [ app_init ] --START--
INFO: Run Behavior\BuildLiteBehavior [ RunTime:0.000014s ]
INFO: [ app_init ] --END-- [ RunTime:0.000116s ]
INFO: [ app_begin ] --START--
INFO: Run Behavior\ReadHtmlCacheBehavior [ RunTime:0.000136s ]
INFO: [ app_begin ] --END-- [ RunTime:0.000178s ]
NOTIC: [2] Declaration of Home\Controller\IndexController::show() should be compatible with Think\Controller::show($content, $charset = '', $contentType = '', $prefix = '') C:\wamp64\www\think3.2\Home\Home\Controller\IndexController.class.php 第 0 行.
SQL: SHOW COLUMNS FROM `user_info` [ RunTime:0.0088s ]
SQL: INSERT INTO `user_info` (`name`,`phone`,`user_number`,`book_room`,`in_date`,`out_date`) VALUES ('121','0','0','21','2018-11-15','2018-11-15') [ RunTime:0.3759s ]
SQL: SELECT * FROM `user_info`  [ RunTime:0.0003s ]
SQL: SHOW COLUMNS FROM `room_set` [ RunTime:0.0087s ]
SQL: SELECT * FROM `room_set` WHERE `number` = 21  [ RunTime:0.0002s ]
SQL: UPDATE `room_set` SET `state`='0' WHERE `number` = 0 [ RunTime:0.0002s ]
INFO: [ view_parse ] --START--
INFO: [ template_filter ] --START--
INFO: Run Behavior\ContentReplaceBehavior [ RunTime:0.000035s ]
INFO: [ template_filter ] --END-- [ RunTime:0.000081s ]
INFO: Run Behavior\ParseTemplateBehavior [ RunTime:0.003945s ]
INFO: [ view_parse ] --END-- [ RunTime:0.003994s ]
INFO: [ view_filter ] --START--
INFO: Run Behavior\WriteHtmlCacheBehavior [ RunTime:0.000310s ]
INFO: [ view_filter ] --END-- [ RunTime:0.000355s ]
INFO: [ app_end ] --START--
INFO: Run Behavior\ShowPageTraceBehavior [ RunTime:0.000258s ]
INFO: [ app_end ] --END-- [ RunTime:0.000298s ]

[ 2018-11-17T10:30:13+08:00 ] ::1 /think3.2/index.php
INFO: [ app_init ] --START--
INFO: Run Behavior\BuildLiteBehavior [ RunTime:0.000013s ]
INFO: [ app_init ] --END-- [ RunTime:0.000114s ]
INFO: [ app_begin ] --START--
INFO: Run Behavior\ReadHtmlCacheBehavior [ RunTime:0.000143s ]
INFO: [ app_begin ] --END-- [ RunTime:0.000248s ]
NOTIC: [2] Declaration of Home\Controller\IndexController::show() should be compatible with Think\Controller::show($content, $charset = '', $contentType = '', $prefix = '') C:\wamp64\www\think3.2\Home\Home\Controller\IndexController.class.php 第 0 行.
SQL: SHOW COLUMNS FROM `room_set` [ RunTime:0.0205s ]
SQL: SELECT * FROM `room_set` WHERE ( state=1 )  [ RunTime:0.0003s ]
INFO: [ view_parse ] --START--
INFO: [ template_filter ] --START--
INFO: Run Behavior\ContentReplaceBehavior [ RunTime:0.000045s ]
INFO: [ template_filter ] --END-- [ RunTime:0.000098s ]
INFO: Run Behavior\ParseTemplateBehavior [ RunTime:0.003765s ]
INFO: [ view_parse ] --END-- [ RunTime:0.003828s ]
INFO: [ view_filter ] --START--
INFO: Run Behavior\WriteHtmlCacheBehavior [ RunTime:0.000158s ]
INFO: [ view_filter ] --END-- [ RunTime:0.000204s ]
INFO: [ app_end ] --START--
INFO: Run Behavior\ShowPageTraceBehavior [ RunTime:0.000145s ]
INFO: [ app_end ] --END-- [ RunTime:0.000191s ]

[ 2018-11-17T10:30:15+08:00 ] ::1 /think3.2/index.php
INFO: [ app_init ] --START--
INFO: Run Behavior\BuildLiteBehavior [ RunTime:0.000014s ]
INFO: [ app_init ] --END-- [ RunTime:0.000077s ]
INFO: [ app_begin ] --START--
INFO: Run Behavior\ReadHtmlCacheBehavior [ RunTime:0.000126s ]
INFO: [ app_begin ] --END-- [ RunTime:0.000188s ]
NOTIC: [2] Declaration of Home\Controller\IndexController::show() should be compatible with Think\Controller::show($content, $charset = '', $contentType = '', $prefix = '') C:\wamp64\www\think3.2\Home\Home\Controller\IndexController.class.php 第 0 行.
SQL: SHOW COLUMNS FROM `room_set` [ RunTime:0.0177s ]
SQL: SELECT * FROM `room_set` WHERE ( state=1 )  [ RunTime:0.0003s ]
INFO: [ view_parse ] --START--
INFO: [ template_filter ] --START--
INFO: Run Behavior\ContentReplaceBehavior [ RunTime:0.000046s ]
INFO: [ template_filter ] --END-- [ RunTime:0.000102s ]
INFO: Run Behavior\ParseTemplateBehavior [ RunTime:0.004198s ]
INFO: [ view_parse ] --END-- [ RunTime:0.004261s ]
INFO: [ view_filter ] --START--
INFO: Run Behavior\WriteHtmlCacheBehavior [ RunTime:0.000139s ]
INFO: [ view_filter ] --END-- [ RunTime:0.000188s ]
INFO: [ app_end ] --START--
INFO: Run Behavior\ShowPageTraceBehavior [ RunTime:0.000122s ]
INFO: [ app_end ] --END-- [ RunTime:0.000170s ]

[ 2018-11-17T10:32:08+08:00 ] ::1 /think3.2/index.php
INFO: [ app_init ] --START--
INFO: Run Behavior\BuildLiteBehavior [ RunTime:0.000015s ]
INFO: [ app_init ] --END-- [ RunTime:0.000165s ]
INFO: [ app_begin ] --START--
INFO: Run Behavior\ReadHtmlCacheBehavior [ RunTime:0.000288s ]
INFO: [ app_begin ] --END-- [ RunTime:0.000337s ]
NOTIC: [2] Declaration of Home\Controller\IndexController::show() should be compatible with Think\Controller::show($content, $charset = '', $contentType = '', $prefix = '') C:\wamp64\www\think3.2\Home\Home\Controller\IndexController.class.php 第 0 行.
SQL: SHOW COLUMNS FROM `room_set` [ RunTime:0.0086s ]
SQL: SELECT * FROM `room_set` WHERE ( state=1 )  [ RunTime:0.0003s ]
INFO: [ view_parse ] --START--
INFO: [ template_filter ] --START--
INFO: Run Behavior\ContentReplaceBehavior [ RunTime:0.000056s ]
INFO: [ template_filter ] --END-- [ RunTime:0.000117s ]
INFO: Run Behavior\ParseTemplateBehavior [ RunTime:0.004341s ]
INFO: [ view_parse ] --END-- [ RunTime:0.004396s ]
INFO: [ view_filter ] --START--
INFO: Run Behavior\WriteHtmlCacheBehavior [ RunTime:0.000287s ]
INFO: [ view_filter ] --END-- [ RunTime:0.000333s ]
INFO: [ app_end ] --START--
INFO: Run Behavior\ShowPageTraceBehavior [ RunTime:0.000243s ]
INFO: [ app_end ] --END-- [ RunTime:0.000289s ]

[ 2018-11-17T10:32:20+08:00 ] ::1 /think3.2/index.php?s=/Home/Index/insert
INFO: [ app_init ] --START--
INFO: Run Behavior\BuildLiteBehavior [ RunTime:0.000015s ]
INFO: [ app_init ] --END-- [ RunTime:0.000175s ]
INFO: [ app_begin ] --START--
INFO: Run Behavior\ReadHtmlCacheBehavior [ RunTime:0.000260s ]
INFO: [ app_begin ] --END-- [ RunTime:0.000304s ]
NOTIC: [2] Declaration of Home\Controller\IndexController::show() should be compatible with Think\Controller::show($content, $charset = '', $contentType = '', $prefix = '') C:\wamp64\www\think3.2\Home\Home\Controller\IndexController.class.php 第 0 行.
SQL: SHOW COLUMNS FROM `user_info` [ RunTime:0.0094s ]
SQL: INSERT INTO `user_info` (`name`,`phone`,`user_number`,`book_room`,`in_date`,`out_date`) VALUES ('','0','0','21','2018-11-08','2018-11-15') [ RunTime:0.3684s ]
SQL: SELECT * FROM `user_info`  [ RunTime:0.0003s ]
SQL: SHOW COLUMNS FROM `room_set` [ RunTime:0.0090s ]
SQL: SELECT * FROM `room_set` WHERE `number` = 21  [ RunTime:0.0002s ]
SQL: UPDATE `room_set` SET `state`='0' WHERE `number` = 0 [ RunTime:0.0001s ]
INFO: [ view_parse ] --START--
INFO: [ template_filter ] --START--
INFO: Run Behavior\ContentReplaceBehavior [ RunTime:0.000035s ]
INFO: [ template_filter ] --END-- [ RunTime:0.000082s ]
INFO: Run Behavior\ParseTemplateBehavior [ RunTime:0.003926s ]
INFO: [ view_parse ] --END-- [ RunTime:0.003974s ]
INFO: [ view_filter ] --START--
INFO: Run Behavior\WriteHtmlCacheBehavior [ RunTime:0.000275s ]
INFO: [ view_filter ] --END-- [ RunTime:0.000313s ]
INFO: [ app_end ] --START--
INFO: Run Behavior\ShowPageTraceBehavior [ RunTime:0.000225s ]
INFO: [ app_end ] --END-- [ RunTime:0.000264s ]

[ 2018-11-17T10:32:24+08:00 ] ::1 /think3.2/index.php
INFO: [ app_init ] --START--
INFO: Run Behavior\BuildLiteBehavior [ RunTime:0.000016s ]
INFO: [ app_init ] --END-- [ RunTime:0.000242s ]
INFO: [ app_begin ] --START--
INFO: Run Behavior\ReadHtmlCacheBehavior [ RunTime:0.000276s ]
INFO: [ app_begin ] --END-- [ RunTime:0.000347s ]
NOTIC: [2] Declaration of Home\Controller\IndexController::show() should be compatible with Think\Controller::show($content, $charset = '', $contentType = '', $prefix = '') C:\wamp64\www\think3.2\Home\Home\Controller\IndexController.class.php 第 0 行.
SQL: SHOW COLUMNS FROM `room_set` [ RunTime:0.0098s ]
SQL: SELECT * FROM `room_set` WHERE ( state=1 )  [ RunTime:0.0004s ]
INFO: [ view_parse ] --START--
INFO: [ template_filter ] --START--
INFO: Run Behavior\ContentReplaceBehavior [ RunTime:0.000044s ]
INFO: [ template_filter ] --END-- [ RunTime:0.000102s ]
INFO: Run Behavior\ParseTemplateBehavior [ RunTime:0.004460s ]
INFO: [ view_parse ] --END-- [ RunTime:0.004521s ]
INFO: [ view_filter ] --START--
INFO: Run Behavior\WriteHtmlCacheBehavior [ RunTime:0.000163s ]
INFO: [ view_filter ] --END-- [ RunTime:0.000210s ]
INFO: [ app_end ] --START--
INFO: Run Behavior\ShowPageTraceBehavior [ RunTime:0.000146s ]
INFO: [ app_end ] --END-- [ RunTime:0.000191s ]

[ 2018-11-17T10:33:20+08:00 ] ::1 /think3.2/index.php
INFO: [ app_init ] --START--
INFO: Run Behavior\BuildLiteBehavior [ RunTime:0.000023s ]
INFO: [ app_init ] --END-- [ RunTime:0.000176s ]
INFO: [ app_begin ] --START--
INFO: Run Behavior\ReadHtmlCacheBehavior [ RunTime:0.000141s ]
INFO: [ app_begin ] --END-- [ RunTime:0.000189s ]
NOTIC: [2] Declaration of Home\Controller\IndexController::show() should be compatible with Think\Controller::show($content, $charset = '', $contentType = '', $prefix = '') C:\wamp64\www\think3.2\Home\Home\Controller\IndexController.class.php 第 0 行.
SQL: SHOW COLUMNS FROM `room_set` [ RunTime:0.0081s ]
SQL: SELECT * FROM `room_set` WHERE ( state=1 )  [ RunTime:0.0003s ]
INFO: [ view_parse ] --START--
INFO: [ template_filter ] --START--
INFO: Run Behavior\ContentReplaceBehavior [ RunTime:0.000045s ]
INFO: [ template_filter ] --END-- [ RunTime:0.000099s ]
INFO: Run Behavior\ParseTemplateBehavior [ RunTime:0.004827s ]
INFO: [ view_parse ] --END-- [ RunTime:0.004899s ]
INFO: [ view_filter ] --START--
INFO: Run Behavior\WriteHtmlCacheBehavior [ RunTime:0.000162s ]
INFO: [ view_filter ] --END-- [ RunTime:0.000207s ]
INFO: [ app_end ] --START--
INFO: Run Behavior\ShowPageTraceBehavior [ RunTime:0.000145s ]
INFO: [ app_end ] --END-- [ RunTime:0.000190s ]

[ 2018-11-17T10:33:34+08:00 ] ::1 /think3.2/index.php?s=/Home/Index/insert
INFO: [ app_init ] --START--
INFO: Run Behavior\BuildLiteBehavior [ RunTime:0.000014s ]
INFO: [ app_init ] --END-- [ RunTime:0.000120s ]
INFO: [ app_begin ] --START--
INFO: Run Behavior\ReadHtmlCacheBehavior [ RunTime:0.000140s ]
INFO: [ app_begin ] --END-- [ RunTime:0.000184s ]
NOTIC: [2] Declaration of Home\Controller\IndexController::show() should be compatible with Think\Controller::show($content, $charset = '', $contentType = '', $prefix = '') C:\wamp64\www\think3.2\Home\Home\Controller\IndexController.class.php 第 0 行.
SQL: SHOW COLUMNS FROM `user_info` [ RunTime:0.0079s ]
SQL: INSERT INTO `user_info` (`name`,`phone`,`user_number`,`book_room`,`in_date`,`out_date`) VALUES ('21','0','0','21','2018-11-01','2018-11-28') [ RunTime:0.3733s ]
SQL: SELECT * FROM `user_info`  [ RunTime:0.0003s ]
SQL: SHOW COLUMNS FROM `room_set` [ RunTime:0.0087s ]
SQL: SELECT * FROM `room_set` WHERE `number` = 21  [ RunTime:0.0002s ]
SQL: UPDATE `room_set` SET `state`='0' WHERE `number` = 21 [ RunTime:0.0525s ]
INFO: [ view_parse ] --START--
INFO: [ template_filter ] --START--
INFO: Run Behavior\ContentReplaceBehavior [ RunTime:0.000033s ]
INFO: [ template_filter ] --END-- [ RunTime:0.000079s ]
INFO: Run Behavior\ParseTemplateBehavior [ RunTime:0.003432s ]
INFO: [ view_parse ] --END-- [ RunTime:0.003479s ]
INFO: [ view_filter ] --START--
INFO: Run Behavior\WriteHtmlCacheBehavior [ RunTime:0.000161s ]
INFO: [ view_filter ] --END-- [ RunTime:0.000203s ]
INFO: [ app_end ] --START--
INFO: Run Behavior\ShowPageTraceBehavior [ RunTime:0.000165s ]
INFO: [ app_end ] --END-- [ RunTime:0.000206s ]

[ 2018-11-17T10:33:36+08:00 ] ::1 /think3.2/index.php?s=/Home/Index/insert
INFO: [ app_init ] --START--
INFO: Run Behavior\BuildLiteBehavior [ RunTime:0.000015s ]
INFO: [ app_init ] --END-- [ RunTime:0.000138s ]
INFO: [ app_begin ] --START--
INFO: Run Behavior\ReadHtmlCacheBehavior [ RunTime:0.000139s ]
INFO: [ app_begin ] --END-- [ RunTime:0.000183s ]
NOTIC: [2] Declaration of Home\Controller\IndexController::show() should be compatible with Think\Controller::show($content, $charset = '', $contentType = '', $prefix = '') C:\wamp64\www\think3.2\Home\Home\Controller\IndexController.class.php 第 0 行.
SQL: SHOW COLUMNS FROM `user_info` [ RunTime:0.0088s ]
SQL: INSERT INTO `user_info` (`name`,`phone`,`user_number`,`book_room`,`in_date`,`out_date`) VALUES ('21','0','0','21','2018-11-01','2018-11-28') [ RunTime:0.0405s ]
SQL: SELECT * FROM `user_info`  [ RunTime:0.0003s ]
SQL: SHOW COLUMNS FROM `room_set` [ RunTime:0.0091s ]
SQL: SELECT * FROM `room_set` WHERE `number` = 21  [ RunTime:0.0002s ]
SQL: UPDATE `room_set` SET `state`='0' WHERE `number` = 21 [ RunTime:0.0673s ]
INFO: [ view_parse ] --START--
INFO: [ template_filter ] --START--
INFO: Run Behavior\ContentReplaceBehavior [ RunTime:0.000037s ]
INFO: [ template_filter ] --END-- [ RunTime:0.000085s ]
INFO: Run Behavior\ParseTemplateBehavior [ RunTime:0.003486s ]
INFO: [ view_parse ] --END-- [ RunTime:0.003532s ]
INFO: [ view_filter ] --START--
INFO: Run Behavior\WriteHtmlCacheBehavior [ RunTime:0.000205s ]
INFO: [ view_filter ] --END-- [ RunTime:0.000241s ]
INFO: [ app_end ] --START--
INFO: Run Behavior\ShowPageTraceBehavior [ RunTime:0.000132s ]
INFO: [ app_end ] --END-- [ RunTime:0.000169s ]

[ 2018-11-17T10:33:37+08:00 ] ::1 /think3.2/index.php
INFO: [ app_init ] --START--
INFO: Run Behavior\BuildLiteBehavior [ RunTime:0.000014s ]
INFO: [ app_init ] --END-- [ RunTime:0.000080s ]
INFO: [ app_begin ] --START--
INFO: Run Behavior\ReadHtmlCacheBehavior [ RunTime:0.000109s ]
INFO: [ app_begin ] --END-- [ RunTime:0.000157s ]
NOTIC: [2] Declaration of Home\Controller\IndexController::show() should be compatible with Think\Controller::show($content, $charset = '', $contentType = '', $prefix = '') C:\wamp64\www\think3.2\Home\Home\Controller\IndexController.class.php 第 0 行.
SQL: SHOW COLUMNS FROM `room_set` [ RunTime:0.0133s ]
SQL: SELECT * FROM `room_set` WHERE ( state=1 )  [ RunTime:0.0003s ]
INFO: [ view_parse ] --START--
INFO: [ template_filter ] --START--
INFO: Run Behavior\ContentReplaceBehavior [ RunTime:0.000046s ]
INFO: [ template_filter ] --END-- [ RunTime:0.000104s ]
INFO: Run Behavior\ParseTemplateBehavior [ RunTime:0.003585s ]
INFO: [ view_parse ] --END-- [ RunTime:0.003640s ]
INFO: [ view_filter ] --START--
INFO: Run Behavior\WriteHtmlCacheBehavior [ RunTime:0.000124s ]
INFO: [ view_filter ] --END-- [ RunTime:0.000170s ]
INFO: [ app_end ] --START--
INFO: Run Behavior\ShowPageTraceBehavior [ RunTime:0.000116s ]
INFO: [ app_end ] --END-- [ RunTime:0.000161s ]

[ 2018-11-17T10:35:24+08:00 ] ::1 /think3.2/index.php
INFO: [ app_init ] --START--
INFO: Run Behavior\BuildLiteBehavior [ RunTime:0.000015s ]
INFO: [ app_init ] --END-- [ RunTime:0.000185s ]
INFO: [ app_begin ] --START--
INFO: Run Behavior\ReadHtmlCacheBehavior [ RunTime:0.000263s ]
INFO: [ app_begin ] --END-- [ RunTime:0.000313s ]
NOTIC: [2] Declaration of Home\Controller\IndexController::show() should be compatible with Think\Controller::show($content, $charset = '', $contentType = '', $prefix = '') C:\wamp64\www\think3.2\Home\Home\Controller\IndexController.class.php 第 0 行.
SQL: SHOW COLUMNS FROM `room_set` [ RunTime:0.0103s ]
SQL: SELECT * FROM `room_set` WHERE ( state=1 )  [ RunTime:0.0006s ]
INFO: [ view_parse ] --START--
INFO: [ template_filter ] --START--
INFO: Run Behavior\ContentReplaceBehavior [ RunTime:0.000042s ]
INFO: [ template_filter ] --END-- [ RunTime:0.000091s ]
INFO: Run Behavior\ParseTemplateBehavior [ RunTime:0.004169s ]
INFO: [ view_parse ] --END-- [ RunTime:0.004225s ]
INFO: [ view_filter ] --START--
INFO: Run Behavior\WriteHtmlCacheBehavior [ RunTime:0.000269s ]
INFO: [ view_filter ] --END-- [ RunTime:0.000317s ]
INFO: [ app_end ] --START--
INFO: Run Behavior\ShowPageTraceBehavior [ RunTime:0.000237s ]
INFO: [ app_end ] --END-- [ RunTime:0.000284s ]

